{
  "RSpec": {
    "coverage": {
      "/Users/Tom/Projects/football_manager_app/spec/controllers/leagues_controller_spec.rb": [
        1,
        null,
        1,
        null,
        null
      ],
      "/Users/Tom/Projects/football_manager_app/spec/rails_helper.rb": [
        null,
        1,
        1,
        1,
        1,
        null,
        null,
        null,
        null,
        null,
        null,
        null,
        null,
        null,
        null,
        null,
        null,
        null,
        null,
        null,
        null,
        null,
        null,
        null,
        1,
        null,
        1,
        null,
        1,
        null,
        null,
        null,
        null,
        1,
        null,
        null,
        null,
        null,
        null,
        null,
        null,
        null,
        null,
        null,
        null,
        null,
        null,
        null,
        1,
        null
      ],
      "/Users/Tom/Projects/football_manager_app/config/environment.rb": [
        null,
        1,
        null,
        null,
        1
      ],
      "/Users/Tom/Projects/football_manager_app/config/application.rb": [
        1,
        null,
        1,
        null,
        null,
        null,
        1,
        null,
        1,
        1,
        null,
        null,
        null,
        null,
        null,
        null,
        null,
        null,
        null,
        null,
        null,
        null,
        null,
        1,
        null,
        null
      ],
      "/Users/Tom/Projects/football_manager_app/config/boot.rb": [
        1,
        null,
        1
      ],
      "/Users/Tom/Projects/football_manager_app/config/environments/test.rb": [
        1,
        null,
        null,
        null,
        null,
        null,
        null,
        1,
        null,
        null,
        null,
        null,
        1,
        null,
        null,
        1,
        1,
        null,
        null,
        1,
        1,
        null,
        null,
        1,
        null,
        null,
        1,
        null,
        null,
        null,
        null,
        1,
        null,
        null,
        1,
        null,
        null,
        1,
        null,
        null,
        null,
        null
      ],
      "/Users/Tom/Projects/football_manager_app/config/initializers/assets.rb": [
        null,
        null,
        null,
        1,
        null,
        null,
        null,
        null,
        null,
        null,
        null
      ],
      "/Users/Tom/Projects/football_manager_app/config/initializers/backtrace_silencers.rb": [
        null,
        null,
        null,
        null,
        null,
        null,
        null
      ],
      "/Users/Tom/Projects/football_manager_app/config/initializers/cookies_serializer.rb": [
        null,
        null,
        1
      ],
      "/Users/Tom/Projects/football_manager_app/config/initializers/filter_parameter_logging.rb": [
        null,
        null,
        null,
        1
      ],
      "/Users/Tom/Projects/football_manager_app/config/initializers/inflections.rb": [
        null,
        null,
        null,
        null,
        null,
        null,
        null,
        null,
        null,
        null,
        null,
        null,
        null,
        null,
        null,
        null
      ],
      "/Users/Tom/Projects/football_manager_app/config/initializers/mime_types.rb": [
        null,
        null,
        null,
        null
      ],
      "/Users/Tom/Projects/football_manager_app/config/initializers/session_store.rb": [
        null,
        null,
        1
      ],
      "/Users/Tom/Projects/football_manager_app/config/initializers/wrap_parameters.rb": [
        null,
        null,
        null,
        null,
        null,
        null,
        1,
        1,
        null,
        null,
        null,
        null,
        null,
        null
      ],
      "/Users/Tom/Projects/football_manager_app/config/routes.rb": [
        1,
        1,
        null,
        1,
        null,
        null,
        1,
        null,
        null,
        1,
        1,
        1,
        null
      ],
      "/Users/Tom/Projects/football_manager_app/app/helpers/application_helper.rb": [
        1,
        null
      ],
      "/Users/Tom/Projects/football_manager_app/app/helpers/leagues_helper.rb": [
        1,
        null
      ],
      "/Users/Tom/Projects/football_manager_app/app/helpers/matches_helper.rb": [
        1,
        null
      ],
      "/Users/Tom/Projects/football_manager_app/app/helpers/pages_helper.rb": [
        1,
        null
      ],
      "/Users/Tom/Projects/football_manager_app/app/helpers/players_helper.rb": [
        1,
        null
      ],
      "/Users/Tom/Projects/football_manager_app/app/helpers/session_helper.rb": [
        1,
        null
      ],
      "/Users/Tom/Projects/football_manager_app/app/helpers/tactics_helper.rb": [
        1,
        null
      ],
      "/Users/Tom/Projects/football_manager_app/app/helpers/teams_helper.rb": [
        1,
        null
      ],
      "/Users/Tom/Projects/football_manager_app/app/helpers/users_helper.rb": [
        1,
        null
      ],
      "/Users/Tom/Projects/football_manager_app/app/controllers/leagues_controller.rb": [
        1,
        null
      ],
      "/Users/Tom/Projects/football_manager_app/app/controllers/application_controller.rb": [
        1,
        null,
        null,
        1,
        null,
        1,
        null,
        1,
        1,
        0,
        0,
        null,
        0,
        null,
        null
      ],
      "/Users/Tom/Projects/football_manager_app/spec/controllers/matches_controller_spec.rb": [
        1,
        null,
        1,
        null,
        null
      ],
      "/Users/Tom/Projects/football_manager_app/app/controllers/matches_controller.rb": [
        1,
        null
      ],
      "/Users/Tom/Projects/football_manager_app/spec/controllers/pages_controller_spec.rb": [
        1,
        null,
        1,
        null,
        null
      ],
      "/Users/Tom/Projects/football_manager_app/app/controllers/pages_controller.rb": [
        1,
        1,
        null,
        null,
        1,
        null,
        null
      ],
      "/Users/Tom/Projects/football_manager_app/spec/controllers/players_controller_spec.rb": [
        1,
        null,
        1,
        null,
        null
      ],
      "/Users/Tom/Projects/football_manager_app/app/controllers/players_controller.rb": [
        1,
        null
      ],
      "/Users/Tom/Projects/football_manager_app/spec/controllers/session_controller_spec.rb": [
        1,
        null,
        1,
        null,
        null
      ],
      "/Users/Tom/Projects/football_manager_app/app/controllers/session_controller.rb": [
        1,
        null,
        1,
        null,
        1,
        null,
        null,
        1,
        0,
        0,
        0,
        0,
        null,
        0,
        null,
        null,
        null,
        1,
        0,
        0,
        null,
        null,
        1,
        1,
        0,
        null,
        null,
        null
      ],
      "/Users/Tom/Projects/football_manager_app/spec/controllers/tactics_controller_spec.rb": [
        1,
        null,
        1,
        null,
        null
      ],
      "/Users/Tom/Projects/football_manager_app/app/controllers/tactics_controller.rb": [
        1,
        null
      ],
      "/Users/Tom/Projects/football_manager_app/spec/controllers/teams_controller_spec.rb": [
        1,
        null,
        1,
        null,
        null
      ],
      "/Users/Tom/Projects/football_manager_app/app/controllers/teams_controller.rb": [
        1,
        null
      ],
      "/Users/Tom/Projects/football_manager_app/spec/controllers/users_controller_spec.rb": [
        1,
        null,
        1,
        null,
        null
      ],
      "/Users/Tom/Projects/football_manager_app/app/controllers/users_controller.rb": [
        1,
        1,
        0,
        null,
        null,
        1,
        0,
        null,
        null,
        1,
        0,
        0,
        0,
        0,
        null,
        0,
        null,
        null,
        null,
        null,
        1,
        1,
        0,
        null,
        null
      ],
      "/Users/Tom/Projects/football_manager_app/spec/helpers/leagues_helper_spec.rb": [
        1,
        null,
        null,
        null,
        null,
        null,
        null,
        null,
        null,
        null,
        null,
        null,
        1,
        null,
        null
      ],
      "/Users/Tom/Projects/football_manager_app/spec/helpers/matches_helper_spec.rb": [
        1,
        null,
        null,
        null,
        null,
        null,
        null,
        null,
        null,
        null,
        null,
        null,
        1,
        null,
        null
      ],
      "/Users/Tom/Projects/football_manager_app/spec/helpers/pages_helper_spec.rb": [
        1,
        null,
        null,
        null,
        null,
        null,
        null,
        null,
        null,
        null,
        null,
        null,
        1,
        null,
        null
      ],
      "/Users/Tom/Projects/football_manager_app/spec/helpers/players_helper_spec.rb": [
        1,
        null,
        null,
        null,
        null,
        null,
        null,
        null,
        null,
        null,
        null,
        null,
        1,
        null,
        null
      ],
      "/Users/Tom/Projects/football_manager_app/spec/helpers/session_helper_spec.rb": [
        1,
        null,
        null,
        null,
        null,
        null,
        null,
        null,
        null,
        null,
        null,
        null,
        1,
        null,
        null
      ],
      "/Users/Tom/Projects/football_manager_app/spec/helpers/tactics_helper_spec.rb": [
        1,
        null,
        null,
        null,
        null,
        null,
        null,
        null,
        null,
        null,
        null,
        null,
        1,
        null,
        null
      ],
      "/Users/Tom/Projects/football_manager_app/spec/helpers/teams_helper_spec.rb": [
        1,
        null,
        null,
        null,
        null,
        null,
        null,
        null,
        null,
        null,
        null,
        null,
        1,
        null,
        null
      ],
      "/Users/Tom/Projects/football_manager_app/spec/helpers/users_helper_spec.rb": [
        1,
        null,
        null,
        null,
        null,
        null,
        null,
        null,
        null,
        null,
        null,
        null,
        1,
        1,
        null
      ],
      "/Users/Tom/Projects/football_manager_app/spec/models/league_spec.rb": [
        null,
        null,
        null,
        null,
        null,
        null,
        null,
        null,
        null,
        null,
        null,
        null,
        1,
        null,
        1,
        null,
        null
      ],
      "/Users/Tom/Projects/football_manager_app/app/models/league.rb": [
        null,
        null,
        null,
        null,
        null,
        null,
        null,
        null,
        null,
        null,
        null,
        null,
        1,
        1,
        1,
        null
      ],
      "/Users/Tom/Projects/football_manager_app/spec/models/match_spec.rb": [
        null,
        null,
        null,
        null,
        null,
        null,
        null,
        null,
        null,
        null,
        null,
        null,
        null,
        null,
        null,
        null,
        null,
        null,
        null,
        null,
        null,
        1,
        null,
        1,
        null,
        null
      ],
      "/Users/Tom/Projects/football_manager_app/app/models/match.rb": [
        null,
        null,
        null,
        null,
        null,
        null,
        null,
        null,
        null,
        null,
        null,
        null,
        null,
        null,
        null,
        null,
        null,
        null,
        null,
        null,
        null,
        1,
        1,
        1,
        null
      ],
      "/Users/Tom/Projects/football_manager_app/spec/models/player_spec.rb": [
        null,
        null,
        null,
        null,
        null,
        null,
        null,
        null,
        null,
        null,
        null,
        null,
        null,
        null,
        null,
        null,
        null,
        null,
        null,
        null,
        null,
        null,
        null,
        null,
        1,
        null,
        1,
        null,
        null
      ],
      "/Users/Tom/Projects/football_manager_app/app/models/player.rb": [
        null,
        null,
        null,
        null,
        null,
        null,
        null,
        null,
        null,
        null,
        null,
        null,
        null,
        null,
        null,
        null,
        null,
        null,
        null,
        null,
        null,
        null,
        null,
        null,
        1,
        1,
        null
      ],
      "/Users/Tom/Projects/football_manager_app/spec/models/tactic_spec.rb": [
        null,
        null,
        null,
        null,
        null,
        null,
        null,
        null,
        null,
        null,
        null,
        null,
        null,
        null,
        null,
        1,
        null,
        1,
        null,
        null
      ],
      "/Users/Tom/Projects/football_manager_app/app/models/tactic.rb": [
        null,
        null,
        null,
        null,
        null,
        null,
        null,
        null,
        null,
        null,
        null,
        null,
        null,
        null,
        null,
        1,
        1,
        null
      ],
      "/Users/Tom/Projects/football_manager_app/spec/models/team_spec.rb": [
        null,
        null,
        null,
        null,
        null,
        null,
        null,
        null,
        null,
        null,
        null,
        null,
        null,
        null,
        null,
        null,
        null,
        1,
        null,
        1,
        null,
        null
      ],
      "/Users/Tom/Projects/football_manager_app/app/models/team.rb": [
        null,
        null,
        null,
        null,
        null,
        null,
        null,
        null,
        null,
        null,
        null,
        null,
        null,
        null,
        null,
        null,
        null,
        1,
        1,
        1,
        1,
        1,
        1,
        null
      ],
      "/Users/Tom/Projects/football_manager_app/spec/models/user_spec.rb": [
        null,
        null,
        null,
        null,
        null,
        null,
        null,
        null,
        null,
        null,
        null,
        null,
        null,
        1,
        null,
        1,
        1,
        null
      ],
      "/Users/Tom/Projects/football_manager_app/app/models/user.rb": [
        null,
        null,
        null,
        null,
        null,
        null,
        null,
        null,
        null,
        null,
        null,
        null,
        null,
        1,
        1,
        null,
        1,
        null,
        1,
        1,
        null
      ]
    },
    "timestamp": 1427430249
  }
}
